Removed Pin From Net: NetName=GND Pin=C51-2
Removed Pin From Net: NetName=GND Pin=C52-2
Removed Pin From Net: NetName=GND Pin=C53-1
Removed Pin From Net: NetName=GND Pin=C54-2
Removed Pin From Net: NetName=+5V Pin=FB6-1
Removed Pin From Net: NetName=GND Pin=J8-3
Removed Pin From Net: NetName=GND Pin=JP1-2
Removed Pin From Net: NetName=+5V Pin=JP1-3
Removed Pin From Net: NetName=GND Pin=R88-1
Removed Pin From Net: NetName=GND Pin=R89-1
Removed Pin From Net: NetName=GND Pin=R90-1
Removed Pin From Net: NetName=GND Pin=R91-1
Removed Pin From Net: NetName=GND Pin=R92-2
Removed Pin From Net: NetName=GND Pin=R95-2
Removed Pin From Net: NetName=GND Pin=U20-2
Removed Pin From Net: NetName=GND Pin=U21-5
Removed Member From Class: ClassName=[06] Data IN_OUT Member=C51
Removed Member From Class: ClassName=[06] Data IN_OUT Member=C52
Removed Member From Class: ClassName=[06] Data IN_OUT Member=C53
Removed Member From Class: ClassName=[06] Data IN_OUT Member=C54
Removed Member From Class: ClassName=[06] Data IN_OUT Member=FB6
Removed Member From Class: ClassName=[06] Data IN_OUT Member=J8
Removed Member From Class: ClassName=[06] Data IN_OUT Member=JP1
Removed Member From Class: ClassName=[06] Data IN_OUT Member=R83
Removed Member From Class: ClassName=[06] Data IN_OUT Member=R84
Removed Member From Class: ClassName=[06] Data IN_OUT Member=R85
Removed Member From Class: ClassName=[06] Data IN_OUT Member=R86
Removed Member From Class: ClassName=[06] Data IN_OUT Member=R87
Removed Member From Class: ClassName=[06] Data IN_OUT Member=R88
Removed Member From Class: ClassName=[06] Data IN_OUT Member=R89
Removed Member From Class: ClassName=[06] Data IN_OUT Member=R90
Removed Member From Class: ClassName=[06] Data IN_OUT Member=R91
Removed Member From Class: ClassName=[06] Data IN_OUT Member=R92
Removed Member From Class: ClassName=[06] Data IN_OUT Member=R93
Removed Member From Class: ClassName=[06] Data IN_OUT Member=R94
Removed Member From Class: ClassName=[06] Data IN_OUT Member=R95
Removed Member From Class: ClassName=[06] Data IN_OUT Member=U20
Removed Member From Class: ClassName=[06] Data IN_OUT Member=U21
