Removed Pin From Net: NetName=NetC14_2 Pin=C14-2
Removed Pin From Net: NetName=GND Pin=D6-1
Removed Pin From Net: NetName=NetD6_5 Pin=D6-5
Removed Pin From Net: NetName=+5V Pin=Q6-1
Removed Pin From Net: NetName=NetQ6_3 Pin=R1-1
Removed Pin From Net: NetName=+5V Pin=R1-2
Removed Pin From Net: NetName=NetR4_2 Pin=R4-2
Removed Pin From Net: NetName=NetD6_2 Pin=R15-1
Removed Pin From Net: NetName=+12V Pin=R17-1
Removed Pin From Net: NetName=NetC14_2 Pin=R17-2
Removed Pin From Net: NetName=NetD6_6 Pin=R18-1
Removed Pin From Net: NetName=+5V Pin=R20-1
Removed Pin From Net: NetName=NetC14_2 Pin=R20-2
Removed Pin From Net: NetName=NetR44_1 Pin=R44-1
Removed Pin From Net: NetName=NetR44_2 Pin=R44-2
Removed Pin From Net: NetName=NetR45_1 Pin=R45-1
Removed Pin From Net: NetName=NetR44_2 Pin=R56-2
Removed Pin From Net: NetName=NetR44_1 Pin=R64-1
Removed Pin From Net: NetName=NetR4_2 Pin=U1-3
Removed Pin From Net: NetName=GND Pin=U4-4
Removed Pin From Net: NetName=NetC14_2 Pin=U5-3
Removed Pin From Net: NetName=NetR44_2 Pin=U6-20
Removed Pin From Net: NetName=NetR44_1 Pin=U10-1
Removed Pin From Net: NetName=NetR45_1 Pin=U10-2
Removed Member From Class: ClassName=[01] Power Suppy Member=R17
Removed Member From Class: ClassName=[01] Power Suppy Member=R20
Removed Member From Class: ClassName=[04] Flash_Fram Member=R44
Removed Member From Class: ClassName=[04] Flash_Fram Member=R45
Removed Member From Class: ClassName=[04] Flash_Fram Member=R48
Removed Member From Class: ClassName=[04] Flash_Fram Member=R49
Removed Member From Class: ClassName=[04] Flash_Fram Member=R53
Removed Member From Class: ClassName=[04] Flash_Fram Member=R54
Removed Member From Class: ClassName=[04] Flash_Fram Member=R56
Removed Member From Class: ClassName=[04] Flash_Fram Member=R57
Change Component DesignItemId : Designator=Q6 Old DesignItemId=A1015 New DesignItemId=C1815
Change Component Footprint: Designator=S1 Old Footprint=SIM SOCKET PUSH PULL New Footprint=Sim Push Push
Change Component Footprint: Designator=U10 Old Footprint=SO-8 New Footprint=SO-8 208
Change Component Comment : Designator=R4 Old Comment=1K New Comment=10K
Change Component Comment : Designator=C45 Old Comment=4.7uF New Comment=1uF
Change Component Comment : Designator=L1 Old Comment=6.2uH New Comment=6.8uH
Change Component Comment : Designator=R1 Old Comment=10K New Comment=100K
Change Component Comment : Designator=R5 Old Comment=13K New Comment=10K
Change Component Comment : Designator=R2 Old Comment=50R New Comment=22K
Change Component Comment : Designator=R9 Old Comment=82K New Comment=10K
Change Component Comment : Designator=R6 Old Comment=330K New Comment=22K
Change Component Comment : Designator=Q6 Old Comment=A1015 New Comment=C1815
Change Component Comment : Designator=S1 Old Comment=MICROSIM PUSH PULL New Comment=SIM PUSH PULL
Change Component Description : Designator=Q6 Old Description=PNP 600mW, ECB New Description=NPN 600mW, ECB
Added Component: Designator=BT2(PIN3V_mini)
Added Component: Designator=C55(C0603 SMT)
Added Pin To Net: NetName=VRTC Pin=BT2-1
Added Pin To Net: NetName=GND Pin=BT2-2
Added Pin To Net: NetName=+5V Pin=C14-2
Added Pin To Net: NetName=GND Pin=C55-1
Added Pin To Net: NetName=VRTC Pin=C55-2
Added Pin To Net: NetName=NetD6_5 Pin=D6-1
Added Pin To Net: NetName=GND Pin=D6-5
Added Pin To Net: NetName=GND Pin=Q6-1
Added Pin To Net: NetName=GND Pin=R1-1
Added Pin To Net: NetName=NetQ6_3 Pin=R1-2
Added Pin To Net: NetName=+5V Pin=R4-2
Added Pin To Net: NetName=NetD6_6 Pin=R15-1
Added Pin To Net: NetName=NetD6_2 Pin=R18-1
Added Pin To Net: NetName=NetR4_2 Pin=R64-1
Added Pin To Net: NetName=NetR45_1 Pin=R79-2
Added Pin To Net: NetName=NetR45_1 Pin=R80-1
Added Pin To Net: NetName=NetC14_2 Pin=R81-2
Added Pin To Net: NetName=NetQ6_2 Pin=U1-3
Added Pin To Net: NetName=+5V Pin=U5-3
Added Pin To Net: NetName=NetR4_2 Pin=U6-20
Added Pin To Net: NetName=NetR44_1 Pin=U6-21
Added Pin To Net: NetName=NetR44_2 Pin=U6-22
Added Pin To Net: NetName=NetR45_1 Pin=U6-23
Added Pin To Net: NetName=NetR4_2 Pin=U10-1
Added Pin To Net: NetName=NetR44_2 Pin=U10-2
Added Pin To Net: NetName=NetR45_1 Pin=U10-5
Added Pin To Net: NetName=NetR44_1 Pin=U10-6
Added Pin To Net: NetName=NetC14_2 Pin=U11-7
Added Pin To Net: NetName=NetR44_2 Pin=U11-8
Added Pin To Net: NetName=NetR45_1 Pin=U11-15
Added Pin To Net: NetName=NetR44_1 Pin=U11-16
Change Net Name : Old Net Name=NetC14_2 New Net Name=NetR81_2
Change Net Name : Old Net Name=NetD6_5 New Net Name=NetD6_1
Change Net Name : Old Net Name=NetR4_2 New Net Name=NetR64_1
Change Net Name : Old Net Name=NetR44_1 New Net Name=NetU6_21
Change Net Name : Old Net Name=NetR44_2 New Net Name=NetU6_22
Change Net Name : Old Net Name=NetR45_1 New Net Name=NetR79_2
Added Member To Class: ClassName=[03] GSM_GPRS_GPS Member=Component BT2 PIN 3V
Added Member To Class: ClassName=[03] GSM_GPRS_GPS Member=Component C55 104
