Removed Pin From Net: NetName=GND Pin=C46-2
Removed Pin From Net: NetName=GND Pin=C48-1
Removed Pin From Net: NetName=+3V3_FLASH Pin=C48-2
Removed Pin From Net: NetName=+4V_GSM Pin=C100-1
Removed Pin From Net: NetName=GND Pin=C100-2
Removed Pin From Net: NetName=+3V3 Pin=FB3-1
Removed Pin From Net: NetName=+3V3_FLASH Pin=R50-2
Removed Pin From Net: NetName=+3V3_FLASH Pin=R51-2
Removed Pin From Net: NetName=NetR46_1 Pin=R52-2
Removed Pin From Net: NetName=NetR47_2 Pin=R58-1
Removed Pin From Net: NetName=+3V3_FLASH Pin=R59-1
Removed Pin From Net: NetName=NetR79_2 Pin=R80-1
Removed Pin From Net: NetName=+3V3_FLASH Pin=R80-2
Removed Pin From Net: NetName=+3V3_FLASH Pin=R81-1
Removed Pin From Net: NetName=GND Pin=U4-4
Removed Pin From Net: NetName=NetU6_35 Pin=U9-2
Removed Pin From Net: NetName=GND Pin=U9-4
Removed Pin From Net: NetName=NetU6_34 Pin=U9-6
Removed Pin From Net: NetName=+3V3_FLASH Pin=U11-2
Removed Pin From Net: NetName=NetU6_22 Pin=U11-8
Removed Pin From Net: NetName=GND Pin=U11-10
Removed Pin From Net: NetName=NetR79_2 Pin=U11-15
Removed Pin From Net: NetName=NetU6_21 Pin=U11-16
Removed Pin From Net: NetName=+VIN Pin=U100-1
Removed Pin From Net: NetName=GND Pin=U100-2
Removed Pin From Net: NetName=+12V Pin=U100-3
Removed Pin From Net: NetName=GND Pin=X1-3
Removed Member From Class: ClassName=[04] Flash_Fram Member=C46
Removed Member From Class: ClassName=[04] Flash_Fram Member=C48
Removed Member From Class: ClassName=[04] Flash_Fram Member=FB3
Removed Member From Class: ClassName=[04] Flash_Fram Member=R42
Removed Member From Class: ClassName=[04] Flash_Fram Member=R50
Removed Member From Class: ClassName=[04] Flash_Fram Member=R51
Removed Member From Class: ClassName=[04] Flash_Fram Member=R52
Removed Member From Class: ClassName=[04] Flash_Fram Member=R55
Removed Member From Class: ClassName=[04] Flash_Fram Member=R58
Removed Member From Class: ClassName=[04] Flash_Fram Member=R59
Removed Member From Class: ClassName=[04] Flash_Fram Member=R60
Removed Member From Class: ClassName=[04] Flash_Fram Member=R76
Removed Member From Class: ClassName=[04] Flash_Fram Member=R77
Removed Member From Class: ClassName=[04] Flash_Fram Member=R80
Removed Member From Class: ClassName=[04] Flash_Fram Member=R81
Removed Member From Class: ClassName=[04] Flash_Fram Member=U9
Change Component Comment : Designator=D4 Old Comment=1N5819  New Comment=1N5819
Added Pin To Net: NetName=NetU6_25 Pin=U6-25
Added Net: Name=NetU6_25
Added Pin To Net: NetName=NetU6_27 Pin=U6-27
Added Net: Name=NetU6_27
Added Pin To Net: NetName=NetU6_33 Pin=U6-33
Added Net: Name=NetU6_33
Added Pin To Net: NetName=NetU6_36 Pin=U6-36
Added Net: Name=NetU6_36
Added Pin To Net: NetName=NetU6_37 Pin=U6-37
Added Net: Name=NetU6_37
Added Room: Name=[01] Power Suppy
Added Room: Name=[02] MCU
Added Room: Name=[03] GSM_GPRS_GPS
Added Room: Name=[04] Flash_Fram
Added Room: Name=[05] RTC_RS232_USB
Added Room: Name=[06] Data IN_OUT
