Removed Pin From Net: NetName=VRTC Pin=C49-2
Removed Pin From Net: NetName=VRTC Pin=C50-2
Removed Pin From Net: NetName=VRTC Pin=D9-2
Removed Pin From Net: NetName=GND Pin=U4-4
Removed Pin From Net: NetName=+VCC_GPS Pin=U8-6
Removed Member From Class: ClassName=U_[03] GSM_GPRS_GPS Member=D9
Change Component Footprint: Designator=C49 Old Footprint=C0603 SMT New Footprint=SM-1210
Change Component Comment : Designator=C49 Old Comment=1uF New Comment=4.uF
Added Pin To Net: NetName=V_BCKP Pin=BT2-1
Added Pin To Net: NetName=V_BCKP Pin=C49-2
Added Pin To Net: NetName=V_BCKP Pin=C50-2
Added Pin To Net: NetName=V_BCKP Pin=U8-6
Added Net: Name=V_BCKP
Added Room: Name=U_[01] Power Suppy
Added Room: Name=U_[02] MCU
Added Room: Name=U_[03] GSM_GPRS_GPS
Added Room: Name=U_[04] EEPROM_FLASH
Added Room: Name=U_[05] RTC_RS232_USB
Added Room: Name=U_[06] IN_OUT_SENSOR
Added Room: Name=U_[07] RFID_LCD
